[debug] [2018-01-04T14:52:57.658Z] ----------------------------------------------------------------------
[debug] [2018-01-04T14:52:57.664Z] Command:       C:\Program Files\nodejs\node.exe C:\Users\Admin\AppData\Roaming\npm\node_modules\firebase-tools\bin\firebase serve
[debug] [2018-01-04T14:52:57.665Z] CLI Version:   3.16.0
[debug] [2018-01-04T14:52:57.665Z] Platform:      win32
[debug] [2018-01-04T14:52:57.665Z] Node Version:  v6.11.3
[debug] [2018-01-04T14:52:57.666Z] Time:          Thu Jan 04 2018 11:52:57 GMT-0300 (Hora verano Sudamérica Pacífico)
[debug] [2018-01-04T14:52:57.666Z] ----------------------------------------------------------------------
[debug] 
[debug] [2018-01-04T14:52:57.692Z] > command requires scopes: ["email","openid","https://www.googleapis.com/auth/cloudplatformprojects.readonly","https://www.googleapis.com/auth/firebase","https://www.googleapis.com/auth/cloud-platform"]
[debug] [2018-01-04T14:52:57.693Z] > authorizing via signed-in user
[debug] [2018-01-04T14:52:57.697Z] > refreshing access token with scopes: ["email","https://www.googleapis.com/auth/cloud-platform","https://www.googleapis.com/auth/cloudplatformprojects.readonly","https://www.googleapis.com/auth/firebase","openid"]
[debug] [2018-01-04T14:52:57.698Z] >>> HTTP REQUEST POST https://www.googleapis.com/oauth2/v3/token  
 { refresh_token: '1/_wRLlv8Gtfug2vG2sMzJRM0ufaFLVHFTfaj1c-ucp8I',
  client_id: '563584335869-fgrhgmd47bqnekij5i8b5pr03ho849e6.apps.googleusercontent.com',
  client_secret: 'j9iVZfS8kkCEFUPaAeJV0sAi',
  grant_type: 'refresh_token',
  scope: 'email https://www.googleapis.com/auth/cloud-platform https://www.googleapis.com/auth/cloudplatformprojects.readonly https://www.googleapis.com/auth/firebase openid' } 
 Thu Jan 04 2018 11:52:57 GMT-0300 (Hora verano Sudamérica Pacífico)
[debug] [2018-01-04T14:52:57.994Z] <<< HTTP RESPONSE 200
[debug] [2018-01-04T14:52:58.029Z] >>> HTTP REQUEST GET https://admin.firebase.com/v1/projects/mi-red-social-1515006266015  
  
 Thu Jan 04 2018 11:52:58 GMT-0300 (Hora verano Sudamérica Pacífico)
[debug] [2018-01-04T14:52:58.818Z] <<< HTTP RESPONSE 200
[debug] [2018-01-04T14:52:58.821Z] >>> HTTP REQUEST GET https://admin.firebase.com/v1/database/mi-red-social-1515006266015/tokens  
  
 Thu Jan 04 2018 11:52:58 GMT-0300 (Hora verano Sudamérica Pacífico)
